
> commit_web@0.1.0 build
> tsc -b && vite build

[36mvite v6.4.3 [32mbuilding for production...[36m[39m
transforming...
[32m✓[39m 2246 modules transformed.
rendering chunks...
computing gzip size...
[2mdist/[22m[32mregisterSW.js              [39m[1m[2m  0.13 kB[22m[1m[22m
[2mdist/[22m[32mindex.html                 [39m[1m[2m  1.13 kB[22m[1m[22m[2m │ gzip:   0.61 kB[22m
[2mdist/[22m[35massets/index-CISe_LME.css  [39m[1m[2m 37.16 kB[22m[1m[22m[2m │ gzip:   7.50 kB[22m
[2mdist/[22m[36massets/index-DwZkZqw9.js   [39m[1m[33m659.50 kB[39m[22m[2m │ gzip: 209.89 kB[22m[2m │ map: 2,679.60 kB[22m
[33m
(!) Some chunks are larger than 500 kB after minification. Consider:
- Using dynamic import() to code-split the application
- Use build.rollupOptions.output.manualChunks to improve chunking: https://rollupjs.org/configuration-options/#output-manualchunks
- Adjust chunk size limit for this warning via build.chunkSizeWarningLimit.[39m
[32m✓ built in 4.26s[39m

PWA v0.21.2
mode      generateSW
precache  9 entries (684.53 KiB)
files generated
  dist/sw.js.map
  dist/sw.js
  dist/workbox-9c191d2f.js.map
  dist/workbox-9c191d2f.js
